<?xml version="1.0" encoding="UTF-8"?>
<!-- Generated by org.testng.reporters.JUnitXMLReporter -->
<testsuite ignored="0" hostname="Riya-Sharma" failures="0" tests="3" name="Test-1" time="76.584" errors="0" timestamp="2025-01-08T13:16:55 IST">
  <testcase classname="tests.LanguageCheck" name="verifyLanguageIsSpanish" time="12.937"/>
  <testcase classname="tests.ScrapingOpinionTest" name="scrapeArticles" time="12.649"/>
  <testcase classname="tests.TranslateAndAnalyze" name="scrapeAndAnalyzeArticles" time="17.664"/>
</testsuite> <!-- Test-1 -->
