<?xml version="1.0" encoding="UTF-8"?>
<!-- Generated by org.testng.reporters.JUnitXMLReporter -->
<testsuite ignored="0" hostname="Riya-Sharma" failures="0" tests="3" name="Test-0" time="76.985" errors="0" timestamp="2025-01-08T13:16:56 IST">
  <testcase classname="tests.LanguageCheck" name="verifyLanguageIsSpanish" time="7.744"/>
  <testcase classname="tests.ScrapingOpinionTest" name="scrapeArticles" time="16.552"/>
  <testcase classname="tests.TranslateAndAnalyze" name="scrapeAndAnalyzeArticles" time="20.724"/>
</testsuite> <!-- Test-0 -->
