<?xml version="1.0" encoding="UTF-8"?>
<!-- Generated by org.testng.reporters.JUnitReportReporter -->
<testsuite hostname="Riya-Sharma" failures="0" tests="3" name="tests.TranslateAndAnalyze" time="54.519" errors="0" timestamp="2025-01-08T13:17:32 IST" skipped="0">
  <testcase classname="tests.TranslateAndAnalyze" name="scrapeAndAnalyzeArticles" time="17.664"/>
  <system-out/>
  <testcase classname="tests.TranslateAndAnalyze" name="scrapeAndAnalyzeArticles" time="16.131"/>
  <system-out/>
  <testcase classname="tests.TranslateAndAnalyze" name="scrapeAndAnalyzeArticles" time="20.724"/>
  <system-out/>
</testsuite> <!-- tests.TranslateAndAnalyze -->
