<?xml version="1.0" encoding="UTF-8"?>
<!-- Generated by org.testng.reporters.JUnitReportReporter -->
<testsuite hostname="Riya-Sharma" failures="0" tests="3" name="tests.ScrapingOpinionTest" time="52.098" errors="0" timestamp="2025-01-08T13:17:32 IST" skipped="0">
  <testcase classname="tests.ScrapingOpinionTest" name="scrapeArticles" time="12.649"/>
  <system-out/>
  <testcase classname="tests.ScrapingOpinionTest" name="scrapeArticles" time="16.552"/>
  <system-out/>
  <testcase classname="tests.ScrapingOpinionTest" name="scrapeArticles" time="22.897"/>
  <system-out/>
</testsuite> <!-- tests.ScrapingOpinionTest -->
