<?xml version="1.0" encoding="UTF-8"?>
<!-- Generated by org.testng.reporters.JUnitReportReporter -->
<testsuite hostname="Riya-Sharma" failures="0" tests="1" name="tests.OpinionPageTest" time="11.304" errors="0" timestamp="2025-01-08T00:18:07 IST" skipped="0">
  <testcase classname="tests.OpinionPageTest" name="scrapeAndAnalyzeArticles" time="11.304"/>
  <system-out/>
</testsuite> <!-- tests.OpinionPageTest -->
